# システムログ

---

## 2025-07-31

-   **タスク:** プロジェクト全体のドキュメント精査と再編成
-   **ブランチ:** `docs/organize-markdown`
-   **作業概要:**
    -   `README.md`: 開発サーバーのURLを修正し、重複していた環境構築手順を削除。`technical-guide.md`へのリンクに一本化。
    -   `human-guide.md`: AIがPR作成を提案するステップを明記し、実態とドキュメントの記述を一致させた。
    -   `session-context.md`: 古いタスク情報を削除し、現在のタスク内容に更新。
    -   `setup-log.md`: これまで記録されていなかった重要な意思決定（GitHub Pagesのパス問題対応、ドキュメントルールの策定）を追記。
    -   `technical-guide.md`: ドキュメントの構成を「セットアップ」と「ワークフロー」に大別し、可読性を向上。ログ管理に関する新しいルールを追加。
    -   `index.md`: `docs`ディレクトリの目次として再定義し、各ドキュメントの概要を追記。

---

## 2025-08-02

-   **タスク:** サポート対象環境の定義とドキュメント更新
-   **ブランチ:** `feature/update-supported-environments`
-   **作業概要:**
    -   古いモバイルOS（iOS 9 / Android 7）のサポートが技術的に困難であると判断し、サポート対象外とすることを決定。その理由を`docs/project-info/setup-log.md`に記録。
    -   プロジェクトのサポート対象環境を定義し、`docs/ai-workflow/2-technical-guide.md`に追記。主要ブラウザの最新2バージョン（Chrome, Firefox, Edge, Safari）と、iOS 12以降のSafari、Android 9以降のChromeをサポート対象とした。開発の主軸がGoogle Chromeであることを明記。
    -   `app/games/[slug]/GameClientPage.tsx` および `app/games/[slug]/page.tsx` から未使用の`rulesContent`プロパティを削除し、ビルドエラーを解消。
    -   開発サーバーを起動し、ブラウザでの動作確認を実施。問題がないことを確認。

---

## 2025-08-02

-   **タスク:** Node.jsバージョンの更新
-   **ブランチ:** `chore/update-node-version`
-   **作業概要:**
    -   プロジェクトのNode.jsバージョンを `18.18.0` から `20.18.1` に更新。
    -   `.node-version` および `.github/workflows/deploy.yml` のバージョン指定を修正。
    -   `package-lock.json` を再生成し、依存関係を更新。
    -   `npm run build` と `npm run lint` を実行し、動作に問題がないことを確認。
    -   変更の経緯と内容を `docs/project-info/setup-log.md` に記録。