## 2025-08-02

- **ゴール:** 新しいゲーム『リバーシ』の初期実装を行う。
- **作業サマリー:**
    - `feature/reversi` ブランチを作成。
    - リバーシの基本ファイル群 (`index.tsx`, `manifest.json`, `rules.md`, `spec.md`) を作成。
    - `GameLoader.tsx` を更新し、リバーシを動的に読み込むように修正。
    - 404エラー、表示崩れなどの問題を特定し、修正。
    - スタイリングに関する問題を解決するため、インラインスタイルを採用し、その方針を `technical-guide.md` に明記。
- **成果物:**
    - `games/reversi/` ディレクトリ以下の全ファイル。
    - `app/games/[slug]/GameLoader.tsx` の更新。
    - `docs/ai-workflow/2-technical-guide.md` の更新。

## 2025-08-05

- **ゴール:** リバーシのUIを子供向けに分かりやすく改善する。
- **作業サマリー:**
    - `feature/reversi-visual-update` ブランチを作成。
    - テキストベースのステータス表示（ターン、スコア、勝敗など）を、駒のアイコンを用いた直感的なデザインに変更。
    - 優勢なプレイヤーのスコアを赤色でハイライトする機能を追加。
    - 駒が返るアニメーション中に操作を受け付けないように入力ガードを追加。
    - 「はじめからやりなおす」ボタンを設置。
    - 上記のUI/UX変更に伴い、`spec-action.md` と `spec-display.md` を更新。

## 2025-08-05

- **ゴール:** リバーシにヒント機能を追加し、UIを改善する。
- **作業サマリー:**
    - `feature/reversi-hint-function` ブランチを作成。
    - トグル動作する「おしえて！」ボタンを配置し、ヒントの表示レベルを切り替え可能に。
    - ヒントレベルは「ヒントなし」「おけるばしょ」「ぜんぶヒント」の3段階。
    - 「ぜんぶヒント」モードでは、選択したセルのハイライト表示と、ひっくり返る駒のハイライト、ひっくり返らない駒のグレーアウト表示。
    - モバイルでの操作性を考慮し、「ぜんぶヒント」モードでのタップ操作を改善。
    - ボタンの見た目を調整し、長押し時のメニュー表示を無効化。
    - 上記変更に伴い、関連する仕様書を更新。
- **成果物:**
    - `games/reversi/index.tsx` の更新。
    - `games/reversi/spec-action.md` の更新。
    - `games/reversi/spec-display.md` の更新。
